<?xml version="1.0" encoding="UTF-8"?>
<testsuite name="com.suddiyo.springboot.web.IndexControllerTest" tests="1" skipped="0" failures="0" errors="0" timestamp="2023-06-29T09:33:03" hostname="ansugyeong-ui-MacBookPro.local" time="0.146">
  <properties/>
  <testcase name="메인페이지_로딩()" classname="com.suddiyo.springboot.web.IndexControllerTest" time="0.146"/>
  <system-out><![CDATA[2023-06-29T18:33:02.430+09:00  INFO 82113 --- [    Test worker] t.c.s.AnnotationConfigContextLoaderUtils : Could not detect default configuration classes for test class [com.suddiyo.springboot.web.IndexControllerTest]: IndexControllerTest does not declare any static, non-private, non-final, nested classes annotated with @Configuration.
2023-06-29T18:33:02.433+09:00  INFO 82113 --- [    Test worker] .b.t.c.SpringBootTestContextBootstrapper : Found @SpringBootConfiguration com.suddiyo.springboot.Application for test class com.suddiyo.springboot.web.IndexControllerTest

  .   ____          _            __ _ _
 /\\ / ___'_ __ _ _(_)_ __  __ _ \ \ \ \
( ( )\___ | '_ | '_| | '_ \/ _` | \ \ \ \
 \\/  ___)| |_)| | | | | || (_| |  ) ) ) )
  '  |____| .__|_| |_|_| |_\__, | / / / /
 =========|_|==============|___/=/_/_/_/
 :: Spring Boot ::                (v3.0.6)

2023-06-29T18:33:02.475+09:00  INFO 82113 --- [    Test worker] c.s.springboot.web.IndexControllerTest   : Starting IndexControllerTest using Java 17.0.2 with PID 82113 (started by ahnsugyeong in /Users/ahnsugyeong/Desktop/2023/springboot-webservice)
2023-06-29T18:33:02.475+09:00  INFO 82113 --- [    Test worker] c.s.springboot.web.IndexControllerTest   : No active profile set, falling back to 1 default profile: "default"
2023-06-29T18:33:02.615+09:00  INFO 82113 --- [    Test worker] .s.d.r.c.RepositoryConfigurationDelegate : Bootstrapping Spring Data JPA repositories in DEFAULT mode.
2023-06-29T18:33:02.625+09:00  INFO 82113 --- [    Test worker] .s.d.r.c.RepositoryConfigurationDelegate : Finished Spring Data repository scanning in 10 ms. Found 2 JPA repository interfaces.
2023-06-29T18:33:02.799+09:00  INFO 82113 --- [    Test worker] o.s.b.w.embedded.tomcat.TomcatWebServer  : Tomcat initialized with port(s): 0 (http)
2023-06-29T18:33:02.810+09:00  INFO 82113 --- [    Test worker] o.apache.catalina.core.StandardService   : Starting service [Tomcat]
2023-06-29T18:33:02.810+09:00  INFO 82113 --- [    Test worker] o.apache.catalina.core.StandardEngine    : Starting Servlet engine: [Apache Tomcat/10.1.8]
2023-06-29T18:33:02.920+09:00  INFO 82113 --- [    Test worker] o.a.c.c.C.[Tomcat].[localhost].[/]       : Initializing Spring embedded WebApplicationContext
2023-06-29T18:33:02.921+09:00  INFO 82113 --- [    Test worker] w.s.c.ServletWebServerApplicationContext : Root WebApplicationContext: initialization completed in 444 ms
2023-06-29T18:33:02.927+09:00  INFO 82113 --- [    Test worker] com.zaxxer.hikari.HikariDataSource       : HikariPool-2 - Starting...
2023-06-29T18:33:02.929+09:00  INFO 82113 --- [    Test worker] com.zaxxer.hikari.pool.HikariPool        : HikariPool-2 - Added connection conn10: url=jdbc:h2:mem:cbcdbe3f-159f-4daa-8658-4391b3ed745f user=SA
2023-06-29T18:33:02.929+09:00  INFO 82113 --- [    Test worker] com.zaxxer.hikari.HikariDataSource       : HikariPool-2 - Start completed.
2023-06-29T18:33:02.929+09:00  INFO 82113 --- [    Test worker] o.s.b.a.h2.H2ConsoleAutoConfiguration    : H2 console available at '/h2-console'. Database available at 'jdbc:h2:mem:cbcdbe3f-159f-4daa-8658-4391b3ed745f'
2023-06-29T18:33:02.963+09:00  INFO 82113 --- [    Test worker] o.hibernate.jpa.internal.util.LogHelper  : HHH000204: Processing PersistenceUnitInfo [name: default]
2023-06-29T18:33:02.971+09:00  INFO 82113 --- [    Test worker] SQL dialect                              : HHH000400: Using dialect: org.hibernate.dialect.H2Dialect
Hibernate: drop table if exists member cascade 
Hibernate: drop table if exists posts cascade 
Hibernate: create table member (id bigint generated by default as identity, email varchar(255) not null, name varchar(255) not null, picture varchar(255), role varchar(255) not null, primary key (id))
Hibernate: create table posts (id bigint generated by default as identity, created_date timestamp(6), modified_date timestamp(6), author varchar(255), content TEXT not null, title varchar(500) not null, primary key (id))
2023-06-29T18:33:03.020+09:00  INFO 82113 --- [    Test worker] o.h.e.t.j.p.i.JtaPlatformInitiator       : HHH000490: Using JtaPlatform implementation: [org.hibernate.engine.transaction.jta.platform.internal.NoJtaPlatform]
2023-06-29T18:33:03.021+09:00  INFO 82113 --- [    Test worker] j.LocalContainerEntityManagerFactoryBean : Initialized JPA EntityManagerFactory for persistence unit 'default'
2023-06-29T18:33:03.132+09:00  WARN 82113 --- [    Test worker] JpaBaseConfiguration$JpaWebConfiguration : spring.jpa.open-in-view is enabled by default. Therefore, database queries may be performed during view rendering. Explicitly configure spring.jpa.open-in-view to disable this warning
2023-06-29T18:33:03.140+09:00  INFO 82113 --- [    Test worker] o.s.b.a.w.s.WelcomePageHandlerMapping    : Adding welcome page template: index
2023-06-29T18:33:03.177+09:00  INFO 82113 --- [    Test worker] o.s.s.web.DefaultSecurityFilterChain     : Will secure any request with [org.springframework.security.web.session.DisableEncodeUrlFilter@16af0251, org.springframework.security.web.context.request.async.WebAsyncManagerIntegrationFilter@561b21b8, org.springframework.security.web.context.SecurityContextHolderFilter@22027e62, org.springframework.security.web.header.HeaderWriterFilter@4caeeab6, org.springframework.security.web.authentication.logout.LogoutFilter@22263e1a, org.springframework.security.oauth2.client.web.OAuth2AuthorizationRequestRedirectFilter@125c1134, org.springframework.security.oauth2.client.web.OAuth2LoginAuthenticationFilter@1992b8b, org.springframework.security.web.authentication.ui.DefaultLoginPageGeneratingFilter@77b987f3, org.springframework.security.web.authentication.ui.DefaultLogoutPageGeneratingFilter@243c4ffe, org.springframework.security.web.savedrequest.RequestCacheAwareFilter@4d652bc6, org.springframework.security.web.servletapi.SecurityContextHolderAwareRequestFilter@4cf93f80, org.springframework.security.web.authentication.AnonymousAuthenticationFilter@6c31ed81, org.springframework.security.web.access.ExceptionTranslationFilter@539a50ea, org.springframework.security.web.access.intercept.AuthorizationFilter@1c1b9de9]
2023-06-29T18:33:03.243+09:00  INFO 82113 --- [    Test worker] o.s.b.w.embedded.tomcat.TomcatWebServer  : Tomcat started on port(s): 51373 (http) with context path ''
2023-06-29T18:33:03.247+09:00  INFO 82113 --- [    Test worker] c.s.springboot.web.IndexControllerTest   : Started IndexControllerTest in 0.806 seconds (process running for 6.954)
2023-06-29T18:33:03.331+09:00  INFO 82113 --- [o-auto-1-exec-1] o.a.c.c.C.[Tomcat].[localhost].[/]       : Initializing Spring DispatcherServlet 'dispatcherServlet'
2023-06-29T18:33:03.331+09:00  INFO 82113 --- [o-auto-1-exec-1] o.s.web.servlet.DispatcherServlet        : Initializing Servlet 'dispatcherServlet'
2023-06-29T18:33:03.332+09:00  INFO 82113 --- [o-auto-1-exec-1] o.s.web.servlet.DispatcherServlet        : Completed initialization in 1 ms
Hibernate: select p1_0.id,p1_0.author,p1_0.content,p1_0.created_date,p1_0.modified_date,p1_0.title from posts p1_0 order by p1_0.id desc
]]></system-out>
  <system-err><![CDATA[]]></system-err>
</testsuite>
