<?xml version="1.0" encoding="UTF-8"?>
<testsuite name="com.suddiyo.springboot.web.IndexControllerTest" tests="1" skipped="0" failures="0" errors="0" timestamp="2023-06-27T12:31:53" hostname="ansugyeong-ui-MacBookPro.local" time="0.158">
  <properties/>
  <testcase name="메인페이지_로딩()" classname="com.suddiyo.springboot.web.IndexControllerTest" time="0.158"/>
  <system-out><![CDATA[2023-06-27T21:31:52.296+09:00  INFO 53620 --- [    Test worker] t.c.s.AnnotationConfigContextLoaderUtils : Could not detect default configuration classes for test class [com.suddiyo.springboot.web.IndexControllerTest]: IndexControllerTest does not declare any static, non-private, non-final, nested classes annotated with @Configuration.
2023-06-27T21:31:52.298+09:00  INFO 53620 --- [    Test worker] .b.t.c.SpringBootTestContextBootstrapper : Found @SpringBootConfiguration com.suddiyo.springboot.Application for test class com.suddiyo.springboot.web.IndexControllerTest

  .   ____          _            __ _ _
 /\\ / ___'_ __ _ _(_)_ __  __ _ \ \ \ \
( ( )\___ | '_ | '_| | '_ \/ _` | \ \ \ \
 \\/  ___)| |_)| | | | | || (_| |  ) ) ) )
  '  |____| .__|_| |_|_| |_\__, | / / / /
 =========|_|==============|___/=/_/_/_/
 :: Spring Boot ::                (v3.0.6)

2023-06-27T21:31:52.327+09:00  INFO 53620 --- [    Test worker] c.s.springboot.web.IndexControllerTest   : Starting IndexControllerTest using Java 17.0.2 with PID 53620 (started by ahnsugyeong in /Users/ahnsugyeong/Desktop/2023/springboot-webservice)
2023-06-27T21:31:52.328+09:00  INFO 53620 --- [    Test worker] c.s.springboot.web.IndexControllerTest   : No active profile set, falling back to 1 default profile: "default"
2023-06-27T21:31:52.489+09:00  INFO 53620 --- [    Test worker] .s.d.r.c.RepositoryConfigurationDelegate : Bootstrapping Spring Data JPA repositories in DEFAULT mode.
2023-06-27T21:31:52.504+09:00  INFO 53620 --- [    Test worker] .s.d.r.c.RepositoryConfigurationDelegate : Finished Spring Data repository scanning in 14 ms. Found 2 JPA repository interfaces.
2023-06-27T21:31:52.713+09:00  INFO 53620 --- [    Test worker] o.s.b.w.embedded.tomcat.TomcatWebServer  : Tomcat initialized with port(s): 0 (http)
2023-06-27T21:31:52.724+09:00  INFO 53620 --- [    Test worker] o.apache.catalina.core.StandardService   : Starting service [Tomcat]
2023-06-27T21:31:52.724+09:00  INFO 53620 --- [    Test worker] o.apache.catalina.core.StandardEngine    : Starting Servlet engine: [Apache Tomcat/10.1.8]
2023-06-27T21:31:52.827+09:00  INFO 53620 --- [    Test worker] o.a.c.c.C.[Tomcat].[localhost].[/]       : Initializing Spring embedded WebApplicationContext
2023-06-27T21:31:52.828+09:00  INFO 53620 --- [    Test worker] w.s.c.ServletWebServerApplicationContext : Root WebApplicationContext: initialization completed in 498 ms
2023-06-27T21:31:52.835+09:00  INFO 53620 --- [    Test worker] com.zaxxer.hikari.HikariDataSource       : HikariPool-2 - Starting...
2023-06-27T21:31:52.837+09:00  INFO 53620 --- [    Test worker] com.zaxxer.hikari.pool.HikariPool        : HikariPool-2 - Added connection conn10: url=jdbc:h2:mem:425f84f6-9429-4f40-9e83-ec75f4630686 user=SA
2023-06-27T21:31:52.838+09:00  INFO 53620 --- [    Test worker] com.zaxxer.hikari.HikariDataSource       : HikariPool-2 - Start completed.
2023-06-27T21:31:52.838+09:00  INFO 53620 --- [    Test worker] o.s.b.a.h2.H2ConsoleAutoConfiguration    : H2 console available at '/h2-console'. Database available at 'jdbc:h2:mem:425f84f6-9429-4f40-9e83-ec75f4630686'
2023-06-27T21:31:52.871+09:00  INFO 53620 --- [    Test worker] o.hibernate.jpa.internal.util.LogHelper  : HHH000204: Processing PersistenceUnitInfo [name: default]
2023-06-27T21:31:52.881+09:00  INFO 53620 --- [    Test worker] SQL dialect                              : HHH000400: Using dialect: org.hibernate.dialect.H2Dialect
Hibernate: drop table if exists member cascade 
Hibernate: drop table if exists posts cascade 
Hibernate: create table member (id bigint generated by default as identity, email varchar(255) not null, name varchar(255) not null, picture varchar(255), role varchar(255) not null, primary key (id))
Hibernate: create table posts (id bigint generated by default as identity, created_date timestamp(6), modified_date timestamp(6), author varchar(255), content TEXT not null, title varchar(500) not null, primary key (id))
2023-06-27T21:31:52.935+09:00  INFO 53620 --- [    Test worker] o.h.e.t.j.p.i.JtaPlatformInitiator       : HHH000490: Using JtaPlatform implementation: [org.hibernate.engine.transaction.jta.platform.internal.NoJtaPlatform]
2023-06-27T21:31:52.936+09:00  INFO 53620 --- [    Test worker] j.LocalContainerEntityManagerFactoryBean : Initialized JPA EntityManagerFactory for persistence unit 'default'
2023-06-27T21:31:53.053+09:00  WARN 53620 --- [    Test worker] JpaBaseConfiguration$JpaWebConfiguration : spring.jpa.open-in-view is enabled by default. Therefore, database queries may be performed during view rendering. Explicitly configure spring.jpa.open-in-view to disable this warning
2023-06-27T21:31:53.061+09:00  INFO 53620 --- [    Test worker] o.s.b.a.w.s.WelcomePageHandlerMapping    : Adding welcome page template: index
2023-06-27T21:31:53.096+09:00  INFO 53620 --- [    Test worker] o.s.s.web.DefaultSecurityFilterChain     : Will secure any request with [org.springframework.security.web.session.DisableEncodeUrlFilter@4b76a0f4, org.springframework.security.web.context.request.async.WebAsyncManagerIntegrationFilter@442612a6, org.springframework.security.web.context.SecurityContextHolderFilter@5d8b5cf6, org.springframework.security.web.header.HeaderWriterFilter@6431ab21, org.springframework.security.web.authentication.logout.LogoutFilter@21dc1d99, org.springframework.security.oauth2.client.web.OAuth2AuthorizationRequestRedirectFilter@20bc417f, org.springframework.security.oauth2.client.web.OAuth2LoginAuthenticationFilter@614da024, org.springframework.security.web.authentication.ui.DefaultLoginPageGeneratingFilter@763960eb, org.springframework.security.web.authentication.ui.DefaultLogoutPageGeneratingFilter@65314e4, org.springframework.security.web.savedrequest.RequestCacheAwareFilter@484313a6, org.springframework.security.web.servletapi.SecurityContextHolderAwareRequestFilter@1fb8b89e, org.springframework.security.web.authentication.AnonymousAuthenticationFilter@a93c88a, org.springframework.security.web.access.ExceptionTranslationFilter@1cd97ebe, org.springframework.security.web.access.intercept.AuthorizationFilter@467924d8]
2023-06-27T21:31:53.172+09:00  INFO 53620 --- [    Test worker] o.s.b.w.embedded.tomcat.TomcatWebServer  : Tomcat started on port(s): 51641 (http) with context path ''
2023-06-27T21:31:53.176+09:00  INFO 53620 --- [    Test worker] c.s.springboot.web.IndexControllerTest   : Started IndexControllerTest in 0.871 seconds (process running for 7.365)
2023-06-27T21:31:53.262+09:00  INFO 53620 --- [o-auto-1-exec-1] o.a.c.c.C.[Tomcat].[localhost].[/]       : Initializing Spring DispatcherServlet 'dispatcherServlet'
2023-06-27T21:31:53.262+09:00  INFO 53620 --- [o-auto-1-exec-1] o.s.web.servlet.DispatcherServlet        : Initializing Servlet 'dispatcherServlet'
2023-06-27T21:31:53.264+09:00  INFO 53620 --- [o-auto-1-exec-1] o.s.web.servlet.DispatcherServlet        : Completed initialization in 1 ms
Hibernate: select p1_0.id,p1_0.author,p1_0.content,p1_0.created_date,p1_0.modified_date,p1_0.title from posts p1_0 order by p1_0.id desc
]]></system-out>
  <system-err><![CDATA[]]></system-err>
</testsuite>
