<?xml version="1.0" encoding="UTF-8"?>
<testsuite name="com.suddiyo.springboot.domain.posts.PostsRepositoryTest" tests="2" skipped="0" failures="0" errors="0" timestamp="2023-07-01T15:37:40" hostname="ansugyeong-ui-MacBookPro.local" time="0.385">
  <properties/>
  <testcase name="게시글저장_불러오기()" classname="com.suddiyo.springboot.domain.posts.PostsRepositoryTest" time="0.371"/>
  <testcase name="BaseTimeEntity_등록()" classname="com.suddiyo.springboot.domain.posts.PostsRepositoryTest" time="0.014"/>
  <system-out><![CDATA[2023-07-02T00:37:39.375+09:00  INFO 61284 --- [    Test worker] t.c.s.AnnotationConfigContextLoaderUtils : Could not detect default configuration classes for test class [com.suddiyo.springboot.domain.posts.PostsRepositoryTest]: PostsRepositoryTest does not declare any static, non-private, non-final, nested classes annotated with @Configuration.
2023-07-02T00:37:39.384+09:00  INFO 61284 --- [    Test worker] .b.t.c.SpringBootTestContextBootstrapper : Found @SpringBootConfiguration com.suddiyo.springboot.Application for test class com.suddiyo.springboot.domain.posts.PostsRepositoryTest

  .   ____          _            __ _ _
 /\\ / ___'_ __ _ _(_)_ __  __ _ \ \ \ \
( ( )\___ | '_ | '_| | '_ \/ _` | \ \ \ \
 \\/  ___)| |_)| | | | | || (_| |  ) ) ) )
  '  |____| .__|_| |_|_| |_\__, | / / / /
 =========|_|==============|___/=/_/_/_/
 :: Spring Boot ::                (v3.0.6)

2023-07-02T00:37:39.412+09:00  INFO 61284 --- [    Test worker] c.s.s.domain.posts.PostsRepositoryTest   : Starting PostsRepositoryTest using Java 17.0.2 with PID 61284 (started by ahnsugyeong in /Users/ahnsugyeong/Desktop/2023/springboot-webservice)
2023-07-02T00:37:39.412+09:00  INFO 61284 --- [    Test worker] c.s.s.domain.posts.PostsRepositoryTest   : No active profile set, falling back to 1 default profile: "default"
2023-07-02T00:37:39.614+09:00  INFO 61284 --- [    Test worker] .s.d.r.c.RepositoryConfigurationDelegate : Bootstrapping Spring Data JPA repositories in DEFAULT mode.
2023-07-02T00:37:39.633+09:00  INFO 61284 --- [    Test worker] .s.d.r.c.RepositoryConfigurationDelegate : Finished Spring Data repository scanning in 18 ms. Found 2 JPA repository interfaces.
2023-07-02T00:37:39.720+09:00  INFO 61284 --- [    Test worker] com.zaxxer.hikari.HikariDataSource       : HikariPool-2 - Starting...
2023-07-02T00:37:39.722+09:00  INFO 61284 --- [    Test worker] com.zaxxer.hikari.pool.HikariPool        : HikariPool-2 - Added connection conn10: url=jdbc:h2:mem:f4c3085d-e3b9-4051-a827-f9c3264a8d10 user=SA
2023-07-02T00:37:39.722+09:00  INFO 61284 --- [    Test worker] com.zaxxer.hikari.HikariDataSource       : HikariPool-2 - Start completed.
2023-07-02T00:37:39.740+09:00  INFO 61284 --- [    Test worker] o.hibernate.jpa.internal.util.LogHelper  : HHH000204: Processing PersistenceUnitInfo [name: default]
2023-07-02T00:37:39.748+09:00  INFO 61284 --- [    Test worker] SQL dialect                              : HHH000400: Using dialect: org.hibernate.dialect.H2Dialect
Hibernate: drop table if exists member cascade 
Hibernate: drop table if exists posts cascade 
Hibernate: create table member (member_id bigint generated by default as identity, email varchar(255) not null, name varchar(255) not null, picture varchar(255), role varchar(255) not null, primary key (member_id))
Hibernate: create table posts (id bigint generated by default as identity, created_date timestamp(6), modified_date timestamp(6), author varchar(255), content TEXT not null, title varchar(500) not null, member_id bigint, primary key (id))
Hibernate: alter table if exists posts add constraint FK3vu9977d08lqidrhcrqts8e1r foreign key (member_id) references member
2023-07-02T00:37:39.792+09:00  INFO 61284 --- [    Test worker] o.h.e.t.j.p.i.JtaPlatformInitiator       : HHH000490: Using JtaPlatform implementation: [org.hibernate.engine.transaction.jta.platform.internal.NoJtaPlatform]
2023-07-02T00:37:39.792+09:00  INFO 61284 --- [    Test worker] j.LocalContainerEntityManagerFactoryBean : Initialized JPA EntityManagerFactory for persistence unit 'default'
2023-07-02T00:37:39.870+09:00  WARN 61284 --- [    Test worker] JpaBaseConfiguration$JpaWebConfiguration : spring.jpa.open-in-view is enabled by default. Therefore, database queries may be performed during view rendering. Explicitly configure spring.jpa.open-in-view to disable this warning
2023-07-02T00:37:39.886+09:00  INFO 61284 --- [    Test worker] o.s.b.a.w.s.WelcomePageHandlerMapping    : Adding welcome page template: index
2023-07-02T00:37:39.937+09:00  INFO 61284 --- [    Test worker] o.s.s.web.DefaultSecurityFilterChain     : Will secure any request with [org.springframework.security.web.session.DisableEncodeUrlFilter@7e7e34ef, org.springframework.security.web.context.request.async.WebAsyncManagerIntegrationFilter@e7c3ba2, org.springframework.security.web.context.SecurityContextHolderFilter@7752f9fe, org.springframework.security.web.header.HeaderWriterFilter@1ff584d7, org.springframework.security.web.authentication.logout.LogoutFilter@6b3bcab7, org.springframework.security.oauth2.client.web.OAuth2AuthorizationRequestRedirectFilter@7d28d525, org.springframework.security.oauth2.client.web.OAuth2LoginAuthenticationFilter@4873c645, org.springframework.security.web.authentication.ui.DefaultLoginPageGeneratingFilter@468d1fcc, org.springframework.security.web.authentication.ui.DefaultLogoutPageGeneratingFilter@35c646b5, org.springframework.security.web.savedrequest.RequestCacheAwareFilter@9588bd8, org.springframework.security.web.servletapi.SecurityContextHolderAwareRequestFilter@75edfe9a, org.springframework.security.web.authentication.AnonymousAuthenticationFilter@6351efa6, org.springframework.security.web.access.ExceptionTranslationFilter@64230d44, org.springframework.security.web.access.intercept.AuthorizationFilter@5fe5f2f0]
2023-07-02T00:37:39.979+09:00  INFO 61284 --- [    Test worker] o.s.b.a.h2.H2ConsoleAutoConfiguration    : H2 console available at '/h2-console'. Database available at 'jdbc:h2:mem:f4c3085d-e3b9-4051-a827-f9c3264a8d10'
2023-07-02T00:37:40.006+09:00  INFO 61284 --- [    Test worker] c.s.s.domain.posts.PostsRepositoryTest   : Started PostsRepositoryTest in 0.611 seconds (process running for 6.593)
Hibernate: insert into posts (id, author, content, created_date, member_id, modified_date, title) values (default, ?, ?, ?, ?, ?, ?)
Hibernate: select p1_0.id,p1_0.author,p1_0.content,p1_0.created_date,p1_0.member_id,p1_0.modified_date,p1_0.title from posts p1_0
Hibernate: select p1_0.id,p1_0.author,p1_0.content,p1_0.created_date,p1_0.member_id,p1_0.modified_date,p1_0.title from posts p1_0
Hibernate: delete from posts where id=?
Hibernate: insert into posts (id, author, content, created_date, member_id, modified_date, title) values (default, ?, ?, ?, ?, ?, ?)
Hibernate: select p1_0.id,p1_0.author,p1_0.content,p1_0.created_date,p1_0.member_id,p1_0.modified_date,p1_0.title from posts p1_0
>>>>>>>>>> createDate = 2023-07-02T00:37:40.388094, modifiedDate = 2023-07-02T00:37:40.388094
Hibernate: select p1_0.id,p1_0.author,p1_0.content,p1_0.created_date,p1_0.member_id,p1_0.modified_date,p1_0.title from posts p1_0
Hibernate: delete from posts where id=?
]]></system-out>
  <system-err><![CDATA[]]></system-err>
</testsuite>
