<?xml version="1.0" encoding="UTF-8"?>
<testsuite name="com.suddiyo.springboot.domain.posts.PostsRepositoryTest" tests="2" skipped="0" failures="0" errors="0" timestamp="2023-06-29T09:33:01" hostname="ansugyeong-ui-MacBookPro.local" time="0.373">
  <properties/>
  <testcase name="게시글저장_불러오기()" classname="com.suddiyo.springboot.domain.posts.PostsRepositoryTest" time="0.362"/>
  <testcase name="BaseTimeEntity_등록()" classname="com.suddiyo.springboot.domain.posts.PostsRepositoryTest" time="0.011"/>
  <system-out><![CDATA[18:32:57.156 [Test worker] DEBUG org.springframework.boot.test.context.SpringBootTestContextBootstrapper -- Neither @ContextConfiguration nor @ContextHierarchy found for test class [PostsRepositoryTest]: using SpringBootContextLoader
18:32:57.160 [Test worker] DEBUG org.springframework.test.context.support.AbstractContextLoader -- Could not detect default resource locations for test class [com.suddiyo.springboot.domain.posts.PostsRepositoryTest]: no resource found for suffixes {-context.xml, Context.groovy}.
18:32:57.161 [Test worker] INFO org.springframework.test.context.support.AnnotationConfigContextLoaderUtils -- Could not detect default configuration classes for test class [com.suddiyo.springboot.domain.posts.PostsRepositoryTest]: PostsRepositoryTest does not declare any static, non-private, non-final, nested classes annotated with @Configuration.
18:32:57.186 [Test worker] DEBUG org.springframework.boot.test.context.SpringBootTestContextBootstrapper -- Using ContextCustomizers for test class [PostsRepositoryTest]: [DisableObservabilityContextCustomizer, PropertyMappingContextCustomizer, Customizer, ExcludeFilterContextCustomizer, DuplicateJsonObjectContextCustomizer, MockitoContextCustomizer, TestRestTemplateContextCustomizer]
18:32:57.266 [Test worker] DEBUG org.springframework.context.annotation.ClassPathScanningCandidateComponentProvider -- Identified candidate component class: file [/Users/ahnsugyeong/Desktop/2023/springboot-webservice/build/classes/java/main/com/suddiyo/springboot/Application.class]
18:32:57.267 [Test worker] INFO org.springframework.boot.test.context.SpringBootTestContextBootstrapper -- Found @SpringBootConfiguration com.suddiyo.springboot.Application for test class com.suddiyo.springboot.domain.posts.PostsRepositoryTest
18:32:57.379 [Test worker] DEBUG org.springframework.boot.test.context.SpringBootTestContextBootstrapper -- Using TestExecutionListeners for test class [PostsRepositoryTest]: [ServletTestExecutionListener, DirtiesContextBeforeModesTestExecutionListener, ApplicationEventsTestExecutionListener, MockitoTestExecutionListener, DependencyInjectionTestExecutionListener, DirtiesContextTestExecutionListener, TransactionalTestExecutionListener, SqlScriptsTestExecutionListener, WithSecurityContextTestExecutionListener, EventPublishingTestExecutionListener, ReactorContextTestExecutionListener, RestDocsTestExecutionListener, MockRestServiceServerResetTestExecutionListener, MockMvcPrintOnlyOnFailureTestExecutionListener, WebDriverTestExecutionListener, MockWebServiceServerTestExecutionListener, ResetMocksTestExecutionListener]
18:32:57.380 [Test worker] DEBUG org.springframework.test.context.support.AbstractDirtiesContextTestExecutionListener -- Before test class: class [PostsRepositoryTest], class annotated with @DirtiesContext [false] with mode [null]

  .   ____          _            __ _ _
 /\\ / ___'_ __ _ _(_)_ __  __ _ \ \ \ \
( ( )\___ | '_ | '_| | '_ \/ _` | \ \ \ \
 \\/  ___)| |_)| | | | | || (_| |  ) ) ) )
  '  |____| .__|_| |_|_| |_\__, | / / / /
 =========|_|==============|___/=/_/_/_/
 :: Spring Boot ::                (v3.0.6)

2023-06-29T18:32:57.693+09:00  INFO 82113 --- [    Test worker] c.s.s.domain.posts.PostsRepositoryTest   : Starting PostsRepositoryTest using Java 17.0.2 with PID 82113 (started by ahnsugyeong in /Users/ahnsugyeong/Desktop/2023/springboot-webservice)
2023-06-29T18:32:57.694+09:00  INFO 82113 --- [    Test worker] c.s.s.domain.posts.PostsRepositoryTest   : No active profile set, falling back to 1 default profile: "default"
2023-06-29T18:32:58.350+09:00  INFO 82113 --- [    Test worker] .s.d.r.c.RepositoryConfigurationDelegate : Bootstrapping Spring Data JPA repositories in DEFAULT mode.
2023-06-29T18:32:58.409+09:00  INFO 82113 --- [    Test worker] .s.d.r.c.RepositoryConfigurationDelegate : Finished Spring Data repository scanning in 49 ms. Found 2 JPA repository interfaces.
2023-06-29T18:32:58.828+09:00  INFO 82113 --- [    Test worker] com.zaxxer.hikari.HikariDataSource       : HikariPool-1 - Starting...
2023-06-29T18:32:59.037+09:00  INFO 82113 --- [    Test worker] com.zaxxer.hikari.pool.HikariPool        : HikariPool-1 - Added connection conn0: url=jdbc:h2:mem:2e1a7521-4d5b-4fe3-aca5-1e089bc70088 user=SA
2023-06-29T18:32:59.039+09:00  INFO 82113 --- [    Test worker] com.zaxxer.hikari.HikariDataSource       : HikariPool-1 - Start completed.
2023-06-29T18:32:59.160+09:00  INFO 82113 --- [    Test worker] o.hibernate.jpa.internal.util.LogHelper  : HHH000204: Processing PersistenceUnitInfo [name: default]
2023-06-29T18:32:59.225+09:00  INFO 82113 --- [    Test worker] org.hibernate.Version                    : HHH000412: Hibernate ORM core version 6.1.7.Final
2023-06-29T18:32:59.541+09:00  INFO 82113 --- [    Test worker] SQL dialect                              : HHH000400: Using dialect: org.hibernate.dialect.H2Dialect
Hibernate: drop table if exists member cascade 
Hibernate: drop table if exists posts cascade 
Hibernate: create table member (id bigint generated by default as identity, email varchar(255) not null, name varchar(255) not null, picture varchar(255), role varchar(255) not null, primary key (id))
Hibernate: create table posts (id bigint generated by default as identity, created_date timestamp(6), modified_date timestamp(6), author varchar(255), content TEXT not null, title varchar(500) not null, primary key (id))
2023-06-29T18:33:00.178+09:00  INFO 82113 --- [    Test worker] o.h.e.t.j.p.i.JtaPlatformInitiator       : HHH000490: Using JtaPlatform implementation: [org.hibernate.engine.transaction.jta.platform.internal.NoJtaPlatform]
2023-06-29T18:33:00.184+09:00  INFO 82113 --- [    Test worker] j.LocalContainerEntityManagerFactoryBean : Initialized JPA EntityManagerFactory for persistence unit 'default'
2023-06-29T18:33:00.770+09:00  WARN 82113 --- [    Test worker] JpaBaseConfiguration$JpaWebConfiguration : spring.jpa.open-in-view is enabled by default. Therefore, database queries may be performed during view rendering. Explicitly configure spring.jpa.open-in-view to disable this warning
2023-06-29T18:33:00.859+09:00  INFO 82113 --- [    Test worker] o.s.b.a.w.s.WelcomePageHandlerMapping    : Adding welcome page template: index
2023-06-29T18:33:01.116+09:00  INFO 82113 --- [    Test worker] o.s.s.web.DefaultSecurityFilterChain     : Will secure any request with [org.springframework.security.web.session.DisableEncodeUrlFilter@5d1907fb, org.springframework.security.web.context.request.async.WebAsyncManagerIntegrationFilter@6079d219, org.springframework.security.web.context.SecurityContextHolderFilter@13e6ab86, org.springframework.security.web.header.HeaderWriterFilter@54d116d5, org.springframework.security.web.authentication.logout.LogoutFilter@2bfe4df9, org.springframework.security.oauth2.client.web.OAuth2AuthorizationRequestRedirectFilter@19240b9, org.springframework.security.oauth2.client.web.OAuth2LoginAuthenticationFilter@5471342, org.springframework.security.web.authentication.ui.DefaultLoginPageGeneratingFilter@66450129, org.springframework.security.web.authentication.ui.DefaultLogoutPageGeneratingFilter@4ed90b04, org.springframework.security.web.savedrequest.RequestCacheAwareFilter@18b88f7, org.springframework.security.web.servletapi.SecurityContextHolderAwareRequestFilter@4dfe56dc, org.springframework.security.web.authentication.AnonymousAuthenticationFilter@686ace1f, org.springframework.security.web.access.ExceptionTranslationFilter@31d791c0, org.springframework.security.web.access.intercept.AuthorizationFilter@713c8cbb]
2023-06-29T18:33:01.356+09:00  INFO 82113 --- [    Test worker] o.s.b.a.h2.H2ConsoleAutoConfiguration    : H2 console available at '/h2-console'. Database available at 'jdbc:h2:mem:2e1a7521-4d5b-4fe3-aca5-1e089bc70088'
2023-06-29T18:33:01.551+09:00  INFO 82113 --- [    Test worker] c.s.s.domain.posts.PostsRepositoryTest   : Started PostsRepositoryTest in 4.116 seconds (process running for 5.258)
Hibernate: insert into posts (id, author, content, created_date, modified_date, title) values (default, ?, ?, ?, ?, ?)
Hibernate: select p1_0.id,p1_0.author,p1_0.content,p1_0.created_date,p1_0.modified_date,p1_0.title from posts p1_0
Hibernate: select p1_0.id,p1_0.author,p1_0.content,p1_0.created_date,p1_0.modified_date,p1_0.title from posts p1_0
Hibernate: delete from posts where id=?
Hibernate: insert into posts (id, author, content, created_date, modified_date, title) values (default, ?, ?, ?, ?, ?)
Hibernate: select p1_0.id,p1_0.author,p1_0.content,p1_0.created_date,p1_0.modified_date,p1_0.title from posts p1_0
>>>>>>>>>> createDate = 2023-06-29T18:33:01.929633, modifiedDate = 2023-06-29T18:33:01.929633
Hibernate: select p1_0.id,p1_0.author,p1_0.content,p1_0.created_date,p1_0.modified_date,p1_0.title from posts p1_0
Hibernate: delete from posts where id=?
]]></system-out>
  <system-err><![CDATA[]]></system-err>
</testsuite>
