<?xml version="1.0" encoding="UTF-8"?>
<testsuite name="com.suddiyo.springboot.web.HelloControllerTest" tests="2" skipped="0" failures="0" errors="0" timestamp="2023-06-27T13:05:28" hostname="ansugyeong-ui-MacBookPro.local" time="0.221">
  <properties/>
  <testcase name="hello가_리턴된다()" classname="com.suddiyo.springboot.web.HelloControllerTest" time="0.109"/>
  <testcase name="helloDto가_리턴된다()" classname="com.suddiyo.springboot.web.HelloControllerTest" time="0.108"/>
  <system-out><![CDATA[2023-06-27T22:05:27.898+09:00  INFO 19085 --- [    Test worker] t.c.s.AnnotationConfigContextLoaderUtils : Could not detect default configuration classes for test class [com.suddiyo.springboot.web.HelloControllerTest]: HelloControllerTest does not declare any static, non-private, non-final, nested classes annotated with @Configuration.
2023-06-27T22:05:27.914+09:00  INFO 19085 --- [    Test worker] .b.t.c.SpringBootTestContextBootstrapper : Found @SpringBootConfiguration com.suddiyo.springboot.Application for test class com.suddiyo.springboot.web.HelloControllerTest

  .   ____          _            __ _ _
 /\\ / ___'_ __ _ _(_)_ __  __ _ \ \ \ \
( ( )\___ | '_ | '_| | '_ \/ _` | \ \ \ \
 \\/  ___)| |_)| | | | | || (_| |  ) ) ) )
  '  |____| .__|_| |_|_| |_\__, | / / / /
 =========|_|==============|___/=/_/_/_/
 :: Spring Boot ::                (v3.0.6)

2023-06-27T22:05:27.932+09:00  INFO 19085 --- [    Test worker] c.s.springboot.web.HelloControllerTest   : Starting HelloControllerTest using Java 17.0.2 with PID 19085 (started by ahnsugyeong in /Users/ahnsugyeong/Desktop/2023/springboot-webservice)
2023-06-27T22:05:27.933+09:00  INFO 19085 --- [    Test worker] c.s.springboot.web.HelloControllerTest   : No active profile set, falling back to 1 default profile: "default"
2023-06-27T22:05:28.148+09:00  INFO 19085 --- [    Test worker] o.s.b.a.w.s.WelcomePageHandlerMapping    : Adding welcome page template: index
2023-06-27T22:05:28.177+09:00  INFO 19085 --- [    Test worker] o.s.s.web.DefaultSecurityFilterChain     : Will secure any request with [org.springframework.security.web.session.DisableEncodeUrlFilter@b549c4a, org.springframework.security.web.context.request.async.WebAsyncManagerIntegrationFilter@72412c3d, org.springframework.security.web.context.SecurityContextHolderFilter@22bd6b0a, org.springframework.security.web.header.HeaderWriterFilter@124b1369, org.springframework.security.web.csrf.CsrfFilter@673ce246, org.springframework.security.web.authentication.logout.LogoutFilter@27bd124a, org.springframework.security.oauth2.client.web.OAuth2AuthorizationRequestRedirectFilter@56a0dd11, org.springframework.security.oauth2.client.web.OAuth2AuthorizationRequestRedirectFilter@7508912e, org.springframework.security.oauth2.client.web.OAuth2LoginAuthenticationFilter@1940bacd, org.springframework.security.web.authentication.ui.DefaultLoginPageGeneratingFilter@50a2034c, org.springframework.security.web.authentication.ui.DefaultLogoutPageGeneratingFilter@457f43a2, org.springframework.security.web.savedrequest.RequestCacheAwareFilter@221383c9, org.springframework.security.web.servletapi.SecurityContextHolderAwareRequestFilter@1a389b39, org.springframework.security.web.authentication.AnonymousAuthenticationFilter@4016d5fe, org.springframework.security.oauth2.client.web.OAuth2AuthorizationCodeGrantFilter@62bcfa01, org.springframework.security.web.access.ExceptionTranslationFilter@6baa673d, org.springframework.security.web.access.intercept.AuthorizationFilter@397a70d8]
2023-06-27T22:05:28.211+09:00  INFO 19085 --- [    Test worker] o.s.b.t.m.w.SpringBootMockServletContext : Initializing Spring TestDispatcherServlet ''
2023-06-27T22:05:28.212+09:00  INFO 19085 --- [    Test worker] o.s.t.web.servlet.TestDispatcherServlet  : Initializing Servlet ''
2023-06-27T22:05:28.213+09:00  INFO 19085 --- [    Test worker] o.s.t.web.servlet.TestDispatcherServlet  : Completed initialization in 1 ms
2023-06-27T22:05:28.220+09:00  INFO 19085 --- [    Test worker] c.s.springboot.web.HelloControllerTest   : Started HelloControllerTest in 0.303 seconds (process running for 5.753)
]]></system-out>
  <system-err><![CDATA[]]></system-err>
</testsuite>
