<?xml version="1.0" encoding="UTF-8"?>
<testsuite name="com.suddiyo.springboot.web.ProfileControllerTest" tests="1" skipped="1" failures="0" errors="0" timestamp="2023-07-01T15:37:39" hostname="ansugyeong-ui-MacBookPro.local" time="0.0">
  <properties/>
  <testcase name="profile은_인증없이_호출된다()" classname="com.suddiyo.springboot.web.ProfileControllerTest" time="0.0">
    <skipped/>
  </testcase>
  <system-out><![CDATA[]]></system-out>
  <system-err><![CDATA[]]></system-err>
</testsuite>
