<?xml version="1.0" encoding="UTF-8"?>
<testsuite name="com.suddiyo.springboot.web.ProfileControllerTest" tests="1" skipped="0" failures="0" errors="0" timestamp="2023-06-29T09:33:03" hostname="ansugyeong-ui-MacBookPro.local" time="0.015">
  <properties/>
  <testcase name="profile은_인증없이_호출된다()" classname="com.suddiyo.springboot.web.ProfileControllerTest" time="0.015"/>
  <system-out><![CDATA[2023-06-29T18:33:03.526+09:00  INFO 82113 --- [    Test worker] t.c.s.AnnotationConfigContextLoaderUtils : Could not detect default configuration classes for test class [com.suddiyo.springboot.web.ProfileControllerTest]: ProfileControllerTest does not declare any static, non-private, non-final, nested classes annotated with @Configuration.
2023-06-29T18:33:03.528+09:00  INFO 82113 --- [    Test worker] .b.t.c.SpringBootTestContextBootstrapper : Found @SpringBootConfiguration com.suddiyo.springboot.Application for test class com.suddiyo.springboot.web.ProfileControllerTest
]]></system-out>
  <system-err><![CDATA[]]></system-err>
</testsuite>
