<?xml version="1.0" encoding="UTF-8"?>
<testsuite name="com.suddiyo.springboot.web.ProfileControllerUnitTest" tests="3" skipped="0" failures="0" errors="0" timestamp="2023-06-29T09:33:03" hostname="ansugyeong-ui-MacBookPro.local" time="0.004">
  <properties/>
  <testcase name="real_profile이_없으면_첫_번째가_조회된다()" classname="com.suddiyo.springboot.web.ProfileControllerUnitTest" time="0.002"/>
  <testcase name="active_profile이_없으면_default가_조회된다()" classname="com.suddiyo.springboot.web.ProfileControllerUnitTest" time="0.001"/>
  <testcase name="real_profile이_조회된다()" classname="com.suddiyo.springboot.web.ProfileControllerUnitTest" time="0.001"/>
  <system-out><![CDATA[]]></system-out>
  <system-err><![CDATA[]]></system-err>
</testsuite>
