<?xml version="1.0" encoding="UTF-8"?>
<testsuite name="com.suddiyo.springboot.domain.posts.PostsRepositoryTest" tests="2" skipped="0" failures="0" errors="0" timestamp="2023-06-27T12:31:51" hostname="ansugyeong-ui-MacBookPro.local" time="0.393">
  <properties/>
  <testcase name="게시글저장_불러오기()" classname="com.suddiyo.springboot.domain.posts.PostsRepositoryTest" time="0.377"/>
  <testcase name="BaseTimeEntity_등록()" classname="com.suddiyo.springboot.domain.posts.PostsRepositoryTest" time="0.015"/>
  <system-out><![CDATA[21:31:47.018 [Test worker] DEBUG org.springframework.boot.test.context.SpringBootTestContextBootstrapper -- Neither @ContextConfiguration nor @ContextHierarchy found for test class [PostsRepositoryTest]: using SpringBootContextLoader
21:31:47.023 [Test worker] DEBUG org.springframework.test.context.support.AbstractContextLoader -- Could not detect default resource locations for test class [com.suddiyo.springboot.domain.posts.PostsRepositoryTest]: no resource found for suffixes {-context.xml, Context.groovy}.
21:31:47.024 [Test worker] INFO org.springframework.test.context.support.AnnotationConfigContextLoaderUtils -- Could not detect default configuration classes for test class [com.suddiyo.springboot.domain.posts.PostsRepositoryTest]: PostsRepositoryTest does not declare any static, non-private, non-final, nested classes annotated with @Configuration.
21:31:47.054 [Test worker] DEBUG org.springframework.boot.test.context.SpringBootTestContextBootstrapper -- Using ContextCustomizers for test class [PostsRepositoryTest]: [DisableObservabilityContextCustomizer, PropertyMappingContextCustomizer, Customizer, ExcludeFilterContextCustomizer, DuplicateJsonObjectContextCustomizer, MockitoContextCustomizer, TestRestTemplateContextCustomizer]
21:31:47.138 [Test worker] DEBUG org.springframework.context.annotation.ClassPathScanningCandidateComponentProvider -- Identified candidate component class: file [/Users/ahnsugyeong/Desktop/2023/springboot-webservice/build/classes/java/main/com/suddiyo/springboot/Application.class]
21:31:47.139 [Test worker] INFO org.springframework.boot.test.context.SpringBootTestContextBootstrapper -- Found @SpringBootConfiguration com.suddiyo.springboot.Application for test class com.suddiyo.springboot.domain.posts.PostsRepositoryTest
21:31:47.256 [Test worker] DEBUG org.springframework.boot.test.context.SpringBootTestContextBootstrapper -- Using TestExecutionListeners for test class [PostsRepositoryTest]: [ServletTestExecutionListener, DirtiesContextBeforeModesTestExecutionListener, ApplicationEventsTestExecutionListener, MockitoTestExecutionListener, DependencyInjectionTestExecutionListener, DirtiesContextTestExecutionListener, TransactionalTestExecutionListener, SqlScriptsTestExecutionListener, WithSecurityContextTestExecutionListener, EventPublishingTestExecutionListener, ReactorContextTestExecutionListener, RestDocsTestExecutionListener, MockRestServiceServerResetTestExecutionListener, MockMvcPrintOnlyOnFailureTestExecutionListener, WebDriverTestExecutionListener, MockWebServiceServerTestExecutionListener, ResetMocksTestExecutionListener]
21:31:47.258 [Test worker] DEBUG org.springframework.test.context.support.AbstractDirtiesContextTestExecutionListener -- Before test class: class [PostsRepositoryTest], class annotated with @DirtiesContext [false] with mode [null]

  .   ____          _            __ _ _
 /\\ / ___'_ __ _ _(_)_ __  __ _ \ \ \ \
( ( )\___ | '_ | '_| | '_ \/ _` | \ \ \ \
 \\/  ___)| |_)| | | | | || (_| |  ) ) ) )
  '  |____| .__|_| |_|_| |_\__, | / / / /
 =========|_|==============|___/=/_/_/_/
 :: Spring Boot ::                (v3.0.6)

2023-06-27T21:31:47.533+09:00  INFO 53620 --- [    Test worker] c.s.s.domain.posts.PostsRepositoryTest   : Starting PostsRepositoryTest using Java 17.0.2 with PID 53620 (started by ahnsugyeong in /Users/ahnsugyeong/Desktop/2023/springboot-webservice)
2023-06-27T21:31:47.534+09:00  INFO 53620 --- [    Test worker] c.s.s.domain.posts.PostsRepositoryTest   : No active profile set, falling back to 1 default profile: "default"
2023-06-27T21:31:48.177+09:00  INFO 53620 --- [    Test worker] .s.d.r.c.RepositoryConfigurationDelegate : Bootstrapping Spring Data JPA repositories in DEFAULT mode.
2023-06-27T21:31:48.232+09:00  INFO 53620 --- [    Test worker] .s.d.r.c.RepositoryConfigurationDelegate : Finished Spring Data repository scanning in 46 ms. Found 2 JPA repository interfaces.
2023-06-27T21:31:48.628+09:00  INFO 53620 --- [    Test worker] com.zaxxer.hikari.HikariDataSource       : HikariPool-1 - Starting...
2023-06-27T21:31:48.810+09:00  INFO 53620 --- [    Test worker] com.zaxxer.hikari.pool.HikariPool        : HikariPool-1 - Added connection conn0: url=jdbc:h2:mem:c98f1262-2b6f-41b3-a372-6378076736a3 user=SA
2023-06-27T21:31:48.812+09:00  INFO 53620 --- [    Test worker] com.zaxxer.hikari.HikariDataSource       : HikariPool-1 - Start completed.
2023-06-27T21:31:48.913+09:00  INFO 53620 --- [    Test worker] o.hibernate.jpa.internal.util.LogHelper  : HHH000204: Processing PersistenceUnitInfo [name: default]
2023-06-27T21:31:48.980+09:00  INFO 53620 --- [    Test worker] org.hibernate.Version                    : HHH000412: Hibernate ORM core version 6.1.7.Final
2023-06-27T21:31:49.276+09:00  INFO 53620 --- [    Test worker] SQL dialect                              : HHH000400: Using dialect: org.hibernate.dialect.H2Dialect
Hibernate: drop table if exists member cascade 
Hibernate: drop table if exists posts cascade 
Hibernate: create table member (id bigint generated by default as identity, email varchar(255) not null, name varchar(255) not null, picture varchar(255), role varchar(255) not null, primary key (id))
Hibernate: create table posts (id bigint generated by default as identity, created_date timestamp(6), modified_date timestamp(6), author varchar(255), content TEXT not null, title varchar(500) not null, primary key (id))
2023-06-27T21:31:49.915+09:00  INFO 53620 --- [    Test worker] o.h.e.t.j.p.i.JtaPlatformInitiator       : HHH000490: Using JtaPlatform implementation: [org.hibernate.engine.transaction.jta.platform.internal.NoJtaPlatform]
2023-06-27T21:31:49.925+09:00  INFO 53620 --- [    Test worker] j.LocalContainerEntityManagerFactoryBean : Initialized JPA EntityManagerFactory for persistence unit 'default'
2023-06-27T21:31:50.482+09:00  WARN 53620 --- [    Test worker] JpaBaseConfiguration$JpaWebConfiguration : spring.jpa.open-in-view is enabled by default. Therefore, database queries may be performed during view rendering. Explicitly configure spring.jpa.open-in-view to disable this warning
2023-06-27T21:31:50.575+09:00  INFO 53620 --- [    Test worker] o.s.b.a.w.s.WelcomePageHandlerMapping    : Adding welcome page template: index
2023-06-27T21:31:50.831+09:00  INFO 53620 --- [    Test worker] o.s.s.web.DefaultSecurityFilterChain     : Will secure any request with [org.springframework.security.web.session.DisableEncodeUrlFilter@72e5206, org.springframework.security.web.context.request.async.WebAsyncManagerIntegrationFilter@4615bc00, org.springframework.security.web.context.SecurityContextHolderFilter@3ede428e, org.springframework.security.web.header.HeaderWriterFilter@5fdcc63f, org.springframework.security.web.authentication.logout.LogoutFilter@580a5b6e, org.springframework.security.oauth2.client.web.OAuth2AuthorizationRequestRedirectFilter@56728f48, org.springframework.security.oauth2.client.web.OAuth2LoginAuthenticationFilter@281d3ce7, org.springframework.security.web.authentication.ui.DefaultLoginPageGeneratingFilter@6418075c, org.springframework.security.web.authentication.ui.DefaultLogoutPageGeneratingFilter@37f75ebf, org.springframework.security.web.savedrequest.RequestCacheAwareFilter@671c71e8, org.springframework.security.web.servletapi.SecurityContextHolderAwareRequestFilter@66ab3716, org.springframework.security.web.authentication.AnonymousAuthenticationFilter@569b3009, org.springframework.security.web.access.ExceptionTranslationFilter@4fe4b8b6, org.springframework.security.web.access.intercept.AuthorizationFilter@480f1311]
2023-06-27T21:31:51.055+09:00  INFO 53620 --- [    Test worker] o.s.b.a.h2.H2ConsoleAutoConfiguration    : H2 console available at '/h2-console'. Database available at 'jdbc:h2:mem:c98f1262-2b6f-41b3-a372-6378076736a3'
2023-06-27T21:31:51.262+09:00  INFO 53620 --- [    Test worker] c.s.s.domain.posts.PostsRepositoryTest   : Started PostsRepositoryTest in 3.955 seconds (process running for 5.452)
Hibernate: insert into posts (id, author, content, created_date, modified_date, title) values (default, ?, ?, ?, ?, ?)
Hibernate: select p1_0.id,p1_0.author,p1_0.content,p1_0.created_date,p1_0.modified_date,p1_0.title from posts p1_0
Hibernate: select p1_0.id,p1_0.author,p1_0.content,p1_0.created_date,p1_0.modified_date,p1_0.title from posts p1_0
Hibernate: delete from posts where id=?
Hibernate: insert into posts (id, author, content, created_date, modified_date, title) values (default, ?, ?, ?, ?, ?)
Hibernate: select p1_0.id,p1_0.author,p1_0.content,p1_0.created_date,p1_0.modified_date,p1_0.title from posts p1_0
>>>>>>>>>> createDate = 2023-06-27T21:31:51.655244, modifiedDate = 2023-06-27T21:31:51.655244
Hibernate: select p1_0.id,p1_0.author,p1_0.content,p1_0.created_date,p1_0.modified_date,p1_0.title from posts p1_0
Hibernate: delete from posts where id=?
]]></system-out>
  <system-err><![CDATA[]]></system-err>
</testsuite>
