<?xml version="1.0" encoding="UTF-8"?>
<testsuite name="com.suddiyo.springboot.web.HelloControllerTest" tests="2" skipped="0" failures="0" errors="0" timestamp="2023-06-27T08:03:57" hostname="ansugyeong-ui-MacBookPro.local" time="0.202">
  <properties/>
  <testcase name="hello가_리턴된다()" classname="com.suddiyo.springboot.web.HelloControllerTest" time="0.09"/>
  <testcase name="helloDto가_리턴된다()" classname="com.suddiyo.springboot.web.HelloControllerTest" time="0.11"/>
  <system-out><![CDATA[2023-06-27T17:03:56.733+09:00  INFO 7598 --- [    Test worker] t.c.s.AnnotationConfigContextLoaderUtils : Could not detect default configuration classes for test class [com.suddiyo.springboot.web.HelloControllerTest]: HelloControllerTest does not declare any static, non-private, non-final, nested classes annotated with @Configuration.
2023-06-27T17:03:56.748+09:00  INFO 7598 --- [    Test worker] .b.t.c.SpringBootTestContextBootstrapper : Found @SpringBootConfiguration com.suddiyo.springboot.Application for test class com.suddiyo.springboot.web.HelloControllerTest

  .   ____          _            __ _ _
 /\\ / ___'_ __ _ _(_)_ __  __ _ \ \ \ \
( ( )\___ | '_ | '_| | '_ \/ _` | \ \ \ \
 \\/  ___)| |_)| | | | | || (_| |  ) ) ) )
  '  |____| .__|_| |_|_| |_\__, | / / / /
 =========|_|==============|___/=/_/_/_/
 :: Spring Boot ::                (v3.0.6)

2023-06-27T17:03:56.778+09:00  INFO 7598 --- [    Test worker] c.s.springboot.web.HelloControllerTest   : Starting HelloControllerTest using Java 17.0.2 with PID 7598 (started by ahnsugyeong in /Users/ahnsugyeong/Desktop/2023/springboot-webservice)
2023-06-27T17:03:56.779+09:00  INFO 7598 --- [    Test worker] c.s.springboot.web.HelloControllerTest   : No active profile set, falling back to 1 default profile: "default"
2023-06-27T17:03:56.956+09:00  INFO 7598 --- [    Test worker] o.s.b.a.w.s.WelcomePageHandlerMapping    : Adding welcome page template: index
2023-06-27T17:03:56.986+09:00  INFO 7598 --- [    Test worker] o.s.s.web.DefaultSecurityFilterChain     : Will secure any request with [org.springframework.security.web.session.DisableEncodeUrlFilter@4c683777, org.springframework.security.web.context.request.async.WebAsyncManagerIntegrationFilter@1fa35f7e, org.springframework.security.web.context.SecurityContextHolderFilter@2b097d19, org.springframework.security.web.header.HeaderWriterFilter@14d44e72, org.springframework.security.web.csrf.CsrfFilter@4016d5fe, org.springframework.security.web.authentication.logout.LogoutFilter@73790bb5, org.springframework.security.oauth2.client.web.OAuth2AuthorizationRequestRedirectFilter@578081e5, org.springframework.security.oauth2.client.web.OAuth2AuthorizationRequestRedirectFilter@69e3e1d9, org.springframework.security.oauth2.client.web.OAuth2LoginAuthenticationFilter@6c1f1c03, org.springframework.security.web.authentication.ui.DefaultLoginPageGeneratingFilter@79f14c56, org.springframework.security.web.authentication.ui.DefaultLogoutPageGeneratingFilter@7df0bb1, org.springframework.security.web.savedrequest.RequestCacheAwareFilter@5d46f4a3, org.springframework.security.web.servletapi.SecurityContextHolderAwareRequestFilter@4fe03c06, org.springframework.security.web.authentication.AnonymousAuthenticationFilter@37ec9c49, org.springframework.security.oauth2.client.web.OAuth2AuthorizationCodeGrantFilter@2de3ac17, org.springframework.security.web.access.ExceptionTranslationFilter@6f8fa77a, org.springframework.security.web.access.intercept.AuthorizationFilter@4ed761dc]
2023-06-27T17:03:57.017+09:00  INFO 7598 --- [    Test worker] o.s.b.t.m.w.SpringBootMockServletContext : Initializing Spring TestDispatcherServlet ''
2023-06-27T17:03:57.017+09:00  INFO 7598 --- [    Test worker] o.s.t.web.servlet.TestDispatcherServlet  : Initializing Servlet ''
2023-06-27T17:03:57.018+09:00  INFO 7598 --- [    Test worker] o.s.t.web.servlet.TestDispatcherServlet  : Completed initialization in 1 ms
2023-06-27T17:03:57.027+09:00  INFO 7598 --- [    Test worker] c.s.springboot.web.HelloControllerTest   : Started HelloControllerTest in 0.275 seconds (process running for 6.086)
]]></system-out>
  <system-err><![CDATA[]]></system-err>
</testsuite>
