<?xml version="1.0" encoding="UTF-8"?>
<testsuite name="com.suddiyo.springboot.web.HelloControllerTest" tests="2" skipped="0" failures="0" errors="0" timestamp="2023-07-01T15:37:40" hostname="ansugyeong-ui-MacBookPro.local" time="0.176">
  <properties/>
  <testcase name="hello가_리턴된다()" classname="com.suddiyo.springboot.web.HelloControllerTest" time="0.075"/>
  <testcase name="helloDto가_리턴된다()" classname="com.suddiyo.springboot.web.HelloControllerTest" time="0.1"/>
  <system-out><![CDATA[2023-07-02T00:37:40.403+09:00  INFO 61284 --- [    Test worker] t.c.s.AnnotationConfigContextLoaderUtils : Could not detect default configuration classes for test class [com.suddiyo.springboot.web.HelloControllerTest]: HelloControllerTest does not declare any static, non-private, non-final, nested classes annotated with @Configuration.
2023-07-02T00:37:40.413+09:00  INFO 61284 --- [    Test worker] .b.t.c.SpringBootTestContextBootstrapper : Found @SpringBootConfiguration com.suddiyo.springboot.Application for test class com.suddiyo.springboot.web.HelloControllerTest

  .   ____          _            __ _ _
 /\\ / ___'_ __ _ _(_)_ __  __ _ \ \ \ \
( ( )\___ | '_ | '_| | '_ \/ _` | \ \ \ \
 \\/  ___)| |_)| | | | | || (_| |  ) ) ) )
  '  |____| .__|_| |_|_| |_\__, | / / / /
 =========|_|==============|___/=/_/_/_/
 :: Spring Boot ::                (v3.0.6)

2023-07-02T00:37:40.432+09:00  INFO 61284 --- [    Test worker] c.s.springboot.web.HelloControllerTest   : Starting HelloControllerTest using Java 17.0.2 with PID 61284 (started by ahnsugyeong in /Users/ahnsugyeong/Desktop/2023/springboot-webservice)
2023-07-02T00:37:40.433+09:00  INFO 61284 --- [    Test worker] c.s.springboot.web.HelloControllerTest   : No active profile set, falling back to 1 default profile: "default"
2023-07-02T00:37:40.622+09:00  INFO 61284 --- [    Test worker] o.s.b.a.w.s.WelcomePageHandlerMapping    : Adding welcome page template: index
2023-07-02T00:37:40.674+09:00  INFO 61284 --- [    Test worker] o.s.s.web.DefaultSecurityFilterChain     : Will secure any request with [org.springframework.security.web.session.DisableEncodeUrlFilter@160a8986, org.springframework.security.web.context.request.async.WebAsyncManagerIntegrationFilter@11ed241c, org.springframework.security.web.context.SecurityContextHolderFilter@5af850f1, org.springframework.security.web.header.HeaderWriterFilter@647dcc5e, org.springframework.security.web.csrf.CsrfFilter@25c887ca, org.springframework.security.web.authentication.logout.LogoutFilter@50626d22, org.springframework.security.oauth2.client.web.OAuth2AuthorizationRequestRedirectFilter@22bf2a0d, org.springframework.security.oauth2.client.web.OAuth2AuthorizationRequestRedirectFilter@57e351a, org.springframework.security.oauth2.client.web.OAuth2LoginAuthenticationFilter@61774805, org.springframework.security.web.authentication.ui.DefaultLoginPageGeneratingFilter@87f8146, org.springframework.security.web.authentication.ui.DefaultLogoutPageGeneratingFilter@2f24e1f3, org.springframework.security.web.savedrequest.RequestCacheAwareFilter@3b6f7ab3, org.springframework.security.web.servletapi.SecurityContextHolderAwareRequestFilter@2eab279, org.springframework.security.web.authentication.AnonymousAuthenticationFilter@74ae2dec, org.springframework.security.oauth2.client.web.OAuth2AuthorizationCodeGrantFilter@6f5690f3, org.springframework.security.web.access.ExceptionTranslationFilter@ba65354, org.springframework.security.web.access.intercept.AuthorizationFilter@734db023]
2023-07-02T00:37:40.711+09:00  INFO 61284 --- [    Test worker] o.s.b.t.m.w.SpringBootMockServletContext : Initializing Spring TestDispatcherServlet ''
2023-07-02T00:37:40.712+09:00  INFO 61284 --- [    Test worker] o.s.t.web.servlet.TestDispatcherServlet  : Initializing Servlet ''
2023-07-02T00:37:40.714+09:00  INFO 61284 --- [    Test worker] o.s.t.web.servlet.TestDispatcherServlet  : Completed initialization in 2 ms
2023-07-02T00:37:40.722+09:00  INFO 61284 --- [    Test worker] c.s.springboot.web.HelloControllerTest   : Started HelloControllerTest in 0.305 seconds (process running for 7.309)
]]></system-out>
  <system-err><![CDATA[]]></system-err>
</testsuite>
