<?xml version="1.0" encoding="UTF-8"?>
<testsuite name="com.suddiyo.springboot.web.HelloControllerTest" tests="2" skipped="0" failures="0" errors="0" timestamp="2023-06-27T12:31:52" hostname="ansugyeong-ui-MacBookPro.local" time="0.225">
  <properties/>
  <testcase name="hello가_리턴된다()" classname="com.suddiyo.springboot.web.HelloControllerTest" time="0.111"/>
  <testcase name="helloDto가_리턴된다()" classname="com.suddiyo.springboot.web.HelloControllerTest" time="0.113"/>
  <system-out><![CDATA[2023-06-27T21:31:51.679+09:00  INFO 53620 --- [    Test worker] t.c.s.AnnotationConfigContextLoaderUtils : Could not detect default configuration classes for test class [com.suddiyo.springboot.web.HelloControllerTest]: HelloControllerTest does not declare any static, non-private, non-final, nested classes annotated with @Configuration.
2023-06-27T21:31:51.711+09:00  INFO 53620 --- [    Test worker] .b.t.c.SpringBootTestContextBootstrapper : Found @SpringBootConfiguration com.suddiyo.springboot.Application for test class com.suddiyo.springboot.web.HelloControllerTest

  .   ____          _            __ _ _
 /\\ / ___'_ __ _ _(_)_ __  __ _ \ \ \ \
( ( )\___ | '_ | '_| | '_ \/ _` | \ \ \ \
 \\/  ___)| |_)| | | | | || (_| |  ) ) ) )
  '  |____| .__|_| |_|_| |_\__, | / / / /
 =========|_|==============|___/=/_/_/_/
 :: Spring Boot ::                (v3.0.6)

2023-06-27T21:31:51.737+09:00  INFO 53620 --- [    Test worker] c.s.springboot.web.HelloControllerTest   : Starting HelloControllerTest using Java 17.0.2 with PID 53620 (started by ahnsugyeong in /Users/ahnsugyeong/Desktop/2023/springboot-webservice)
2023-06-27T21:31:51.737+09:00  INFO 53620 --- [    Test worker] c.s.springboot.web.HelloControllerTest   : No active profile set, falling back to 1 default profile: "default"
2023-06-27T21:31:51.958+09:00  INFO 53620 --- [    Test worker] o.s.b.a.w.s.WelcomePageHandlerMapping    : Adding welcome page template: index
2023-06-27T21:31:52.014+09:00  INFO 53620 --- [    Test worker] o.s.s.web.DefaultSecurityFilterChain     : Will secure any request with [org.springframework.security.web.session.DisableEncodeUrlFilter@397a70d8, org.springframework.security.web.context.request.async.WebAsyncManagerIntegrationFilter@56a0dd11, org.springframework.security.web.context.SecurityContextHolderFilter@35abfeba, org.springframework.security.web.header.HeaderWriterFilter@5a85f41b, org.springframework.security.web.csrf.CsrfFilter@2d2c794d, org.springframework.security.web.authentication.logout.LogoutFilter@673ce246, org.springframework.security.oauth2.client.web.OAuth2AuthorizationRequestRedirectFilter@22bd6b0a, org.springframework.security.oauth2.client.web.OAuth2AuthorizationRequestRedirectFilter@1a389b39, org.springframework.security.oauth2.client.web.OAuth2LoginAuthenticationFilter@221383c9, org.springframework.security.web.authentication.ui.DefaultLoginPageGeneratingFilter@6e92f150, org.springframework.security.web.authentication.ui.DefaultLogoutPageGeneratingFilter@1940bacd, org.springframework.security.web.savedrequest.RequestCacheAwareFilter@7b031f53, org.springframework.security.web.servletapi.SecurityContextHolderAwareRequestFilter@1b42eb0f, org.springframework.security.web.authentication.AnonymousAuthenticationFilter@7508912e, org.springframework.security.oauth2.client.web.OAuth2AuthorizationCodeGrantFilter@7902a4d7, org.springframework.security.web.access.ExceptionTranslationFilter@53f67af6, org.springframework.security.web.access.intercept.AuthorizationFilter@124b1369]
2023-06-27T21:31:52.054+09:00  INFO 53620 --- [    Test worker] o.s.b.t.m.w.SpringBootMockServletContext : Initializing Spring TestDispatcherServlet ''
2023-06-27T21:31:52.055+09:00  INFO 53620 --- [    Test worker] o.s.t.web.servlet.TestDispatcherServlet  : Initializing Servlet ''
2023-06-27T21:31:52.056+09:00  INFO 53620 --- [    Test worker] o.s.t.web.servlet.TestDispatcherServlet  : Completed initialization in 1 ms
2023-06-27T21:31:52.061+09:00  INFO 53620 --- [    Test worker] c.s.springboot.web.HelloControllerTest   : Started HelloControllerTest in 0.344 seconds (process running for 6.251)
]]></system-out>
  <system-err><![CDATA[]]></system-err>
</testsuite>
