<?xml version="1.0" encoding="UTF-8"?>
<testsuite name="com.suddiyo.springboot.web.HelloControllerTest" tests="2" skipped="0" failures="0" errors="0" timestamp="2023-06-27T08:38:27" hostname="ansugyeong-ui-MacBookPro.local" time="0.164">
  <properties/>
  <testcase name="hello가_리턴된다()" classname="com.suddiyo.springboot.web.HelloControllerTest" time="0.069"/>
  <testcase name="helloDto가_리턴된다()" classname="com.suddiyo.springboot.web.HelloControllerTest" time="0.094"/>
  <system-out><![CDATA[2023-06-27T17:38:27.403+09:00  INFO 28242 --- [    Test worker] t.c.s.AnnotationConfigContextLoaderUtils : Could not detect default configuration classes for test class [com.suddiyo.springboot.web.HelloControllerTest]: HelloControllerTest does not declare any static, non-private, non-final, nested classes annotated with @Configuration.
2023-06-27T17:38:27.420+09:00  INFO 28242 --- [    Test worker] .b.t.c.SpringBootTestContextBootstrapper : Found @SpringBootConfiguration com.suddiyo.springboot.Application for test class com.suddiyo.springboot.web.HelloControllerTest

  .   ____          _            __ _ _
 /\\ / ___'_ __ _ _(_)_ __  __ _ \ \ \ \
( ( )\___ | '_ | '_| | '_ \/ _` | \ \ \ \
 \\/  ___)| |_)| | | | | || (_| |  ) ) ) )
  '  |____| .__|_| |_|_| |_\__, | / / / /
 =========|_|==============|___/=/_/_/_/
 :: Spring Boot ::                (v3.0.6)

2023-06-27T17:38:27.443+09:00  INFO 28242 --- [    Test worker] c.s.springboot.web.HelloControllerTest   : Starting HelloControllerTest using Java 17.0.2 with PID 28242 (started by ahnsugyeong in /Users/ahnsugyeong/Desktop/2023/springboot-webservice)
2023-06-27T17:38:27.443+09:00  INFO 28242 --- [    Test worker] c.s.springboot.web.HelloControllerTest   : No active profile set, falling back to 1 default profile: "default"
2023-06-27T17:38:27.649+09:00  INFO 28242 --- [    Test worker] o.s.b.a.w.s.WelcomePageHandlerMapping    : Adding welcome page template: index
2023-06-27T17:38:27.681+09:00  INFO 28242 --- [    Test worker] o.s.s.web.DefaultSecurityFilterChain     : Will secure any request with [org.springframework.security.web.session.DisableEncodeUrlFilter@538c90bf, org.springframework.security.web.context.request.async.WebAsyncManagerIntegrationFilter@62bcfa01, org.springframework.security.web.context.SecurityContextHolderFilter@6baa673d, org.springframework.security.web.header.HeaderWriterFilter@673ce246, org.springframework.security.web.csrf.CsrfFilter@6e92f150, org.springframework.security.web.authentication.logout.LogoutFilter@50a2034c, org.springframework.security.oauth2.client.web.OAuth2AuthorizationRequestRedirectFilter@7902a4d7, org.springframework.security.oauth2.client.web.OAuth2AuthorizationRequestRedirectFilter@56a0dd11, org.springframework.security.oauth2.client.web.OAuth2LoginAuthenticationFilter@397a70d8, org.springframework.security.web.authentication.ui.DefaultLoginPageGeneratingFilter@221383c9, org.springframework.security.web.authentication.ui.DefaultLogoutPageGeneratingFilter@b549c4a, org.springframework.security.web.savedrequest.RequestCacheAwareFilter@124b1369, org.springframework.security.web.servletapi.SecurityContextHolderAwareRequestFilter@22bd6b0a, org.springframework.security.web.authentication.AnonymousAuthenticationFilter@72412c3d, org.springframework.security.oauth2.client.web.OAuth2AuthorizationCodeGrantFilter@4f86cd50, org.springframework.security.web.access.ExceptionTranslationFilter@4268c16, org.springframework.security.web.access.intercept.AuthorizationFilter@27bd124a]
2023-06-27T17:38:27.707+09:00  INFO 28242 --- [    Test worker] o.s.b.t.m.w.SpringBootMockServletContext : Initializing Spring TestDispatcherServlet ''
2023-06-27T17:38:27.707+09:00  INFO 28242 --- [    Test worker] o.s.t.web.servlet.TestDispatcherServlet  : Initializing Servlet ''
2023-06-27T17:38:27.708+09:00  INFO 28242 --- [    Test worker] o.s.t.web.servlet.TestDispatcherServlet  : Completed initialization in 1 ms
2023-06-27T17:38:27.713+09:00  INFO 28242 --- [    Test worker] c.s.springboot.web.HelloControllerTest   : Started HelloControllerTest in 0.288 seconds (process running for 5.988)
]]></system-out>
  <system-err><![CDATA[]]></system-err>
</testsuite>
