<?xml version="1.0" encoding="UTF-8"?>
<testsuite name="com.suddiyo.springboot.web.PostsApiControllerTest" tests="2" skipped="2" failures="0" errors="0" timestamp="2023-07-01T15:37:39" hostname="ansugyeong-ui-MacBookPro.local" time="0.002">
  <properties/>
  <testcase name="Posts_등록된다()" classname="com.suddiyo.springboot.web.PostsApiControllerTest" time="0.0">
    <skipped/>
  </testcase>
  <testcase name="Posts_수정된다()" classname="com.suddiyo.springboot.web.PostsApiControllerTest" time="0.001">
    <skipped/>
  </testcase>
  <system-out><![CDATA[2023-07-02T00:37:39.362+09:00  INFO 61284 --- [    Test worker] t.c.s.AnnotationConfigContextLoaderUtils : Could not detect default configuration classes for test class [com.suddiyo.springboot.web.PostsApiControllerTest]: PostsApiControllerTest does not declare any static, non-private, non-final, nested classes annotated with @Configuration.
2023-07-02T00:37:39.364+09:00  INFO 61284 --- [    Test worker] .b.t.c.SpringBootTestContextBootstrapper : Found @SpringBootConfiguration com.suddiyo.springboot.Application for test class com.suddiyo.springboot.web.PostsApiControllerTest
]]></system-out>
  <system-err><![CDATA[]]></system-err>
</testsuite>
